[debug] [2025-12-05T15:08:34.050Z] ----------------------------------------------------------------------
[debug] [2025-12-05T15:08:34.052Z] Command:       C:\Program Files\nodejs\node.exe C:\Users\Eliud\AppData\Roaming\npm\node_modules\firebase-tools\lib\bin\firebase.js deploy
[debug] [2025-12-05T15:08:34.052Z] CLI Version:   14.27.0
[debug] [2025-12-05T15:08:34.052Z] Platform:      win32
[debug] [2025-12-05T15:08:34.052Z] Node Version:  v22.17.0
[debug] [2025-12-05T15:08:34.052Z] Time:          Fri Dec 05 2025 09:08:34 GMT-0600 (hora estándar central)
[debug] [2025-12-05T15:08:34.052Z] ----------------------------------------------------------------------
[debug] 
[debug] [2025-12-05T15:08:34.168Z] > command requires scopes: ["email","openid","https://www.googleapis.com/auth/cloudplatformprojects.readonly","https://www.googleapis.com/auth/firebase","https://www.googleapis.com/auth/cloud-platform"]
[debug] [2025-12-05T15:08:34.168Z] > authorizing via signed-in user (respaldos@tycgroup.com)
[debug] [2025-12-05T15:08:34.168Z] [iam] checking project ruleta-a9643 for permissions ["firebase.projects.get","firebasehosting.sites.update"]
[debug] [2025-12-05T15:08:34.169Z] Checked if tokens are valid: false, expires at: 1764881638832
[debug] [2025-12-05T15:08:34.169Z] Checked if tokens are valid: false, expires at: 1764881638832
[debug] [2025-12-05T15:08:34.169Z] > refreshing access token with scopes: []
[debug] [2025-12-05T15:08:34.170Z] >>> [apiv2][query] POST https://www.googleapis.com/oauth2/v3/token [none]
[debug] [2025-12-05T15:08:34.170Z] >>> [apiv2][body] POST https://www.googleapis.com/oauth2/v3/token [omitted]
[debug] [2025-12-05T15:08:34.377Z] <<< [apiv2][status] POST https://www.googleapis.com/oauth2/v3/token 400
[debug] [2025-12-05T15:08:34.377Z] <<< [apiv2][body] POST https://www.googleapis.com/oauth2/v3/token [omitted]
[error] Authentication Error: Your credentials are no longer valid. Please run firebase login --reauth

For CI servers and headless environments, generate a new token with firebase login:ci
[error] Authentication Error: Your credentials are no longer valid. Please run firebase login --reauth

For CI servers and headless environments, generate a new token with firebase login:ci
[debug] [2025-12-05T15:08:34.378Z] [iam] error while checking permissions, command may fail: Authentication Error: Your credentials are no longer valid. Please run firebase login --reauth

For CI servers and headless environments, generate a new token with firebase login:ci
[debug] [2025-12-05T15:08:34.378Z] Checked if tokens are valid: false, expires at: 1764881638832
[debug] [2025-12-05T15:08:34.378Z] Checked if tokens are valid: false, expires at: 1764881638832
[debug] [2025-12-05T15:08:34.379Z] > refreshing access token with scopes: []
[debug] [2025-12-05T15:08:34.379Z] >>> [apiv2][query] POST https://www.googleapis.com/oauth2/v3/token [none]
[debug] [2025-12-05T15:08:34.379Z] >>> [apiv2][body] POST https://www.googleapis.com/oauth2/v3/token [omitted]
[debug] [2025-12-05T15:08:34.458Z] <<< [apiv2][status] POST https://www.googleapis.com/oauth2/v3/token 400
[debug] [2025-12-05T15:08:34.458Z] <<< [apiv2][body] POST https://www.googleapis.com/oauth2/v3/token [omitted]
[error] Authentication Error: Your credentials are no longer valid. Please run firebase login --reauth

For CI servers and headless environments, generate a new token with firebase login:ci
[error] Authentication Error: Your credentials are no longer valid. Please run firebase login --reauth

For CI servers and headless environments, generate a new token with firebase login:ci
[debug] [2025-12-05T15:08:34.459Z] Authentication Error: Your credentials are no longer valid. Please run firebase login --reauth

For CI servers and headless environments, generate a new token with firebase login:ci
[error] 
[error] Error: Assertion failed: resolving hosting target of a site with no site name or target name. This should have caused an error earlier
